  App.c
C:\Users\ALSAAD NASR CITY\OneDrive\Desktop\project testing tarek\Generic\System_info.h(3,9): warning C4005: '_CRT_SECURE_NO_WARNINGS': macro redefinition
  (compiling source file 'App/App.c')
      C:\Users\ALSAAD NASR CITY\OneDrive\Desktop\project testing tarek\Generic\System_info.h(3,9):
      '_CRT_SECURE_NO_WARNINGS' previously declared on the command line
  
C:\Users\ALSAAD NASR CITY\OneDrive\Desktop\project testing tarek\App\App.c(19,4): warning C4013: 'Admin_Runner' undefined; assuming extern returning int
C:\Users\ALSAAD NASR CITY\OneDrive\Desktop\project testing tarek\App\App.c(30,3): warning C4013: 'Customer_Runner' undefined; assuming extern returning int
  BackEnd.c
C:\Users\ALSAAD NASR CITY\OneDrive\Desktop\project testing tarek\Generic\System_info.h(3,9): warning C4005: '_CRT_SECURE_NO_WARNINGS': macro redefinition
  (compiling source file 'BackEnd/BackEnd.c')
      C:\Users\ALSAAD NASR CITY\OneDrive\Desktop\project testing tarek\Generic\System_info.h(3,9):
      '_CRT_SECURE_NO_WARNINGS' previously declared on the command line
  
C:\Users\ALSAAD NASR CITY\OneDrive\Desktop\project testing tarek\BackEnd\BackEnd.c(38,8): warning C4477: 'scanf' : format string '%d' requires an argument of type 'int *', but variadic argument 1 has type 'unsigned char *'
      C:\Users\ALSAAD NASR CITY\OneDrive\Desktop\project testing tarek\BackEnd\BackEnd.c(38,8):
      consider using '%hhd' in the format string
  
C:\Users\ALSAAD NASR CITY\OneDrive\Desktop\project testing tarek\BackEnd\BackEnd.c(39,8): warning C4477: 'scanf' : format string '%d' requires an argument of type 'int *', but variadic argument 1 has type 'unsigned char *'
      C:\Users\ALSAAD NASR CITY\OneDrive\Desktop\project testing tarek\BackEnd\BackEnd.c(39,8):
      consider using '%hhd' in the format string
  
C:\Users\ALSAAD NASR CITY\OneDrive\Desktop\project testing tarek\BackEnd\BackEnd.c(40,8): warning C4477: 'scanf' : format string '%d' requires an argument of type 'int *', but variadic argument 1 has type 'unsigned short *'
      C:\Users\ALSAAD NASR CITY\OneDrive\Desktop\project testing tarek\BackEnd\BackEnd.c(40,8):
      consider using '%hd' in the format string
  
C:\Users\ALSAAD NASR CITY\OneDrive\Desktop\project testing tarek\BackEnd\BackEnd.c(203,10): warning C4477: 'scanf' : format string '%d' requires an argument of type 'int *', but variadic argument 1 has type 'unsigned short *'
      C:\Users\ALSAAD NASR CITY\OneDrive\Desktop\project testing tarek\BackEnd\BackEnd.c(203,10):
      consider using '%hd' in the format string
  
C:\Users\ALSAAD NASR CITY\OneDrive\Desktop\project testing tarek\BackEnd\BackEnd.c(223,10): warning C4477: 'scanf' : format string '%d' requires an argument of type 'int *', but variadic argument 1 has type 'unsigned short *'
      C:\Users\ALSAAD NASR CITY\OneDrive\Desktop\project testing tarek\BackEnd\BackEnd.c(223,10):
      consider using '%hd' in the format string
  
C:\Users\ALSAAD NASR CITY\OneDrive\Desktop\project testing tarek\BackEnd\BackEnd.c(323,10): warning C4477: 'scanf' : format string '%d' requires an argument of type 'int *', but variadic argument 1 has type 'unsigned char *'
      C:\Users\ALSAAD NASR CITY\OneDrive\Desktop\project testing tarek\BackEnd\BackEnd.c(323,10):
      consider using '%hhd' in the format string
  
  course_reg.c
C:\Users\ALSAAD NASR CITY\OneDrive\Desktop\project testing tarek\Generic\System_info.h(3,9): warning C4005: '_CRT_SECURE_NO_WARNINGS': macro redefinition
  (compiling source file 'Courses_Registeration/course_reg.c')
      C:\Users\ALSAAD NASR CITY\OneDrive\Desktop\project testing tarek\Generic\System_info.h(3,9):
      '_CRT_SECURE_NO_WARNINGS' previously declared on the command line
  
  Create_Account.c
C:\Users\ALSAAD NASR CITY\OneDrive\Desktop\project testing tarek\Generic\System_info.h(3,9): warning C4005: '_CRT_SECURE_NO_WARNINGS': macro redefinition
  (compiling source file 'CreateAccount/Create_Account.c')
      C:\Users\ALSAAD NASR CITY\OneDrive\Desktop\project testing tarek\Generic\System_info.h(3,9):
      '_CRT_SECURE_NO_WARNINGS' previously declared on the command line
  
  DB_Manager.c
C:\Users\ALSAAD NASR CITY\OneDrive\Desktop\project testing tarek\Generic\System_info.h(3,9): warning C4005: '_CRT_SECURE_NO_WARNINGS': macro redefinition
  (compiling source file 'DB/DB_Manager.c')
      C:\Users\ALSAAD NASR CITY\OneDrive\Desktop\project testing tarek\Generic\System_info.h(3,9):
      '_CRT_SECURE_NO_WARNINGS' previously declared on the command line
  
C:\Users\ALSAAD NASR CITY\OneDrive\Desktop\project testing tarek\DB\DB_Manager.c(57,3): warning C4013: 'strcpy' undefined; assuming extern returning int
C:\Users\ALSAAD NASR CITY\OneDrive\Desktop\project testing tarek\DB\DB_Manager.c(150,15): warning C4090: '=': different 'const' qualifiers
C:\Users\ALSAAD NASR CITY\OneDrive\Desktop\project testing tarek\DB\DB_Manager.c(152,15): warning C4090: '=': different 'const' qualifiers
C:\Users\ALSAAD NASR CITY\OneDrive\Desktop\project testing tarek\DB\DB_Manager.c(176,15): warning C4090: '=': different 'const' qualifiers
C:\Users\ALSAAD NASR CITY\OneDrive\Desktop\project testing tarek\DB\DB_Manager.c(178,15): warning C4090: '=': different 'const' qualifiers
C:\Users\ALSAAD NASR CITY\OneDrive\Desktop\project testing tarek\DB\DB_Manager.c(324,41): warning C4553: '==': result of expression not used; did you intend '='?
  Login.c
C:\Users\ALSAAD NASR CITY\OneDrive\Desktop\project testing tarek\Generic\System_info.h(3,9): warning C4005: '_CRT_SECURE_NO_WARNINGS': macro redefinition
  (compiling source file 'Login/Login.c')
      C:\Users\ALSAAD NASR CITY\OneDrive\Desktop\project testing tarek\Generic\System_info.h(3,9):
      '_CRT_SECURE_NO_WARNINGS' previously declared on the command line
  
  main.c
C:\Users\ALSAAD NASR CITY\OneDrive\Desktop\project testing tarek\main.c(3,9): warning C4005: '_CRT_SECURE_NO_WARNINGS': macro redefinition
      C:\Users\ALSAAD NASR CITY\OneDrive\Desktop\project testing tarek\main.c(3,9):
      '_CRT_SECURE_NO_WARNINGS' previously declared on the command line
  
  Tests.c
C:\Users\ALSAAD NASR CITY\OneDrive\Desktop\project testing tarek\Generic\System_info.h(3,9): warning C4005: '_CRT_SECURE_NO_WARNINGS': macro redefinition
  (compiling source file 'Test/Tests.c')
      C:\Users\ALSAAD NASR CITY\OneDrive\Desktop\project testing tarek\Generic\System_info.h(3,9):
      '_CRT_SECURE_NO_WARNINGS' previously declared on the command line
  
C:\Users\ALSAAD NASR CITY\OneDrive\Desktop\project testing tarek\Test\Tests.c(192,29): error C2198: 'CU_pSuite CU_add_suite(const char *,CU_InitializeFunc,CU_CleanupFunc)': too few arguments for call
  Generating Code...
